{"$message_type":"diagnostic","message":"linking with `cc` failed: exit status: 1","code":null,"level":"error","spans":[],"children":[{"message":" \"cc\" \"-Wl,--version-script=/tmp/rustcobUtSO/list\" \"-Wl,--no-undefined-version\" \"-m64\" \"/tmp/rustcobUtSO/symbols.o\" \"<16 object files omitted>\" \"/tmp/rustcobUtSO/rmeta.o\" \"<1 object files omitted>\" \"-Wl,--as-needed\" \"-Wl,-Bstatic\" \"/home/kombatant/unraid/cloud/googledrive/dev/languages/fsearch-rs/rust/target/debug/deps/{libsyn-922a55bd56caa80e,libquote-00e8d5c5fa010ce1,libproc_macro2-ec4c6ed236537ba1,libunicode_ident-b9c538de71152b76}.rlib\" \"<sysroot>/lib/rustlib/x86_64-unknown-linux-gnu/lib/{libproc_macro-*,librustc_literal_escaper-*,librustc_std_workspace_std-*,libstd-*,libpanic_unwind-*,libobject-*,libmemchr-*,libaddr2line-*,libgimli-*,libcfg_if-*,librustc_demangle-*,libstd_detect-*,libhashbrown-*,librustc_std_workspace_alloc-*,libminiz_oxide-*,libadler2-*,libunwind-*,liblibc-*,librustc_std_workspace_core-*,liballoc-*,libcore-*,libcompiler_builtins-*}.rlib\" \"-Wl,-Bdynamic\" \"-lgcc_s\" \"-lutil\" \"-lrt\" \"-lpthread\" \"-lm\" \"-ldl\" \"-lc\" \"-L\" \"/tmp/rustcobUtSO/raw-dylibs\" \"-fuse-ld=lld\" \"-Wl,--eh-frame-hdr\" \"-Wl,-z,noexecstack\" \"-L\" \"<sysroot>/lib/rustlib/x86_64-unknown-linux-gnu/lib\" \"-o\" \"/home/kombatant/unraid/cloud/googledrive/dev/languages/fsearch-rs/rust/target/debug/deps/libserde_derive-f5f7ba6ad1759a13.so\" \"-Wl,--gc-sections\" \"-shared\" \"-Wl,-z,relro,-z,now\" \"-nodefaultlibs\"","code":null,"level":"note","spans":[],"children":[],"rendered":null},{"message":"some arguments are omitted. use `--verbose` to show all linker arguments","code":null,"level":"note","spans":[],"children":[],"rendered":null},{"message":"ld.lld: error: undefined hidden symbol: _$LT$alloc..collections..btree..map..Iter$LT$K$C$V$GT$$u20$as$u20$core..iter..traits..iterator..Iterator$GT$::next::h0633f847a819dde0\n>>> referenced by serde_derive.e3636197bece9abc-cgu.05\n>>>               /home/kombatant/unraid/cloud/googledrive/dev/languages/fsearch-rs/rust/target/debug/deps/serde_derive-f5f7ba6ad1759a13.serde_derive.e3636197bece9abc-cgu.05.rcgu.o:(_$LT$alloc..collections..btree..set..Iter$LT$T$GT$$u20$as$u20$core..iter..traits..iterator..Iterator$GT$::next::h4f26094eb1c5c192)\n\nld.lld: error: undefined hidden symbol: core::num::_$LT$impl$u20$isize$GT$::unchecked_neg::precondition_check::hc5b7bcb40fc3b3dd\n>>> referenced by serde_derive.e3636197bece9abc-cgu.01\n>>>               /home/kombatant/unraid/cloud/googledrive/dev/languages/fsearch-rs/rust/target/debug/deps/serde_derive-f5f7ba6ad1759a13.serde_derive.e3636197bece9abc-cgu.01.rcgu.o:(_$LT$core..slice..iter..Iter$LT$T$GT$$u20$as$u20$core..iter..traits..double_ended..DoubleEndedIterator$GT$::next_back::h2ac8e646f071345c)\n\nld.lld: error: undefined hidden symbol: _$LT$alloc..collections..btree..map..Iter$LT$K$C$V$GT$$u20$as$u20$core..iter..traits..iterator..Iterator$GT$::next::h53141737c816f682\n>>> referenced by serde_derive.e3636197bece9abc-cgu.05\n>>>               /home/kombatant/unraid/cloud/googledrive/dev/languages/fsearch-rs/rust/target/debug/deps/serde_derive-f5f7ba6ad1759a13.serde_derive.e3636197bece9abc-cgu.05.rcgu.o:(_$LT$alloc..collections..btree..set..Iter$LT$T$GT$$u20$as$u20$core..iter..traits..iterator..Iterator$GT$::next::h75e2f1949b772b91)\n\nld.lld: error: undefined hidden symbol: _$LT$syn..punctuated..IntoIter$LT$T$GT$$u20$as$u20$core..iter..traits..iterator..Iterator$GT$::next::h0aff327eb53dc365\n>>> referenced by serde_derive.e3636197bece9abc-cgu.03\n>>>               /home/kombatant/unraid/cloud/googledrive/dev/languages/fsearch-rs/rust/target/debug/deps/serde_derive-f5f7ba6ad1759a13.serde_derive.e3636197bece9abc-cgu.03.rcgu.o:(_$LT$alloc..vec..Vec$LT$T$GT$$u20$as$u20$alloc..vec..spec_from_iter_nested..SpecFromIterNested$LT$T$C$I$GT$$GT$::from_iter::hac38ef2ad260333b)\n>>> referenced by serde_derive.e3636197bece9abc-cgu.03\n>>>               /home/kombatant/unraid/cloud/googledrive/dev/languages/fsearch-rs/rust/target/debug/deps/serde_derive-f5f7ba6ad1759a13.serde_derive.e3636197bece9abc-cgu.03.rcgu.o:(alloc::vec::Vec$LT$T$C$A$GT$::extend_desugared::h3d3376f0f801066c)\n\nld.lld: error: undefined hidden symbol: _$LT$syn..punctuated..IntoIter$LT$T$GT$$u20$as$u20$core..iter..traits..iterator..Iterator$GT$::size_hint::h56e85eeae1d846a6\n>>> referenced by serde_derive.e3636197bece9abc-cgu.03\n>>>               /home/kombatant/unraid/cloud/googledrive/dev/languages/fsearch-rs/rust/target/debug/deps/serde_derive-f5f7ba6ad1759a13.serde_derive.e3636197bece9abc-cgu.03.rcgu.o:(_$LT$alloc..vec..Vec$LT$T$GT$$u20$as$u20$alloc..vec..spec_from_iter_nested..SpecFromIterNested$LT$T$C$I$GT$$GT$::from_iter::hac38ef2ad260333b)\n>>> referenced by serde_derive.e3636197bece9abc-cgu.03\n>>>               /home/kombatant/unraid/cloud/googledrive/dev/languages/fsearch-rs/rust/target/debug/deps/serde_derive-f5f7ba6ad1759a13.serde_derive.e3636197bece9abc-cgu.03.rcgu.o:(alloc::vec::Vec$LT$T$C$A$GT$::extend_desugared::h3d3376f0f801066c)\n\nld.lld: error: undefined hidden symbol: _$LT$$RF$syn..punctuated..Punctuated$LT$T$C$P$GT$$u20$as$u20$core..iter..traits..collect..IntoIterator$GT$::into_iter::h3d30f0490c6b1505\n>>> referenced by serde_derive.e3636197bece9abc-cgu.04\n>>>               /home/kombatant/unraid/cloud/googledrive/dev/languages/fsearch-rs/rust/target/debug/deps/serde_derive-f5f7ba6ad1759a13.serde_derive.e3636197bece9abc-cgu.04.rcgu.o:(serde_derive::internals::attr::decide_tag::h094e5b13009bbc53)\n>>> referenced by serde_derive.e3636197bece9abc-cgu.15\n>>>               /home/kombatant/unraid/cloud/googledrive/dev/languages/fsearch-rs/rust/target/debug/deps/serde_derive-f5f7ba6ad1759a13.serde_derive.e3636197bece9abc-cgu.15.rcgu.o:(serde_derive::deprecated::should_allow_deprecated::he9737abf62088439)\n\nld.lld: error: undefined hidden symbol: serde_derive::this::this_type::hdc325d98a0233b0b\n>>> referenced by serde_derive.e3636197bece9abc-cgu.02\n>>>               /home/kombatant/unraid/cloud/googledrive/dev/languages/fsearch-rs/rust/target/debug/deps/serde_derive-f5f7ba6ad1759a13.serde_derive.e3636197bece9abc-cgu.02.rcgu.o:(serde_derive::ser::Parameters::new::h8d0860adcbafed1a)\n>>> referenced by serde_derive.e3636197bece9abc-cgu.06\n>>>               /home/kombatant/unraid/cloud/googledrive/dev/languages/fsearch-rs/rust/target/debug/deps/serde_derive-f5f7ba6ad1759a13.serde_derive.e3636197bece9abc-cgu.06.rcgu.o:(serde_derive::de::Parameters::new::hf7475f890ffef803)\n\nld.lld: error: undefined hidden symbol: serde_derive::this::this_value::h13822b2de24136bc\n>>> referenced by serde_derive.e3636197bece9abc-cgu.02\n>>>               /home/kombatant/unraid/cloud/googledrive/dev/languages/fsearch-rs/rust/target/debug/deps/serde_derive-f5f7ba6ad1759a13.serde_derive.e3636197bece9abc-cgu.02.rcgu.o:(serde_derive::ser::Parameters::new::h8d0860adcbafed1a)\n>>> referenced by serde_derive.e3636197bece9abc-cgu.06\n>>>               /home/kombatant/unraid/cloud/googledrive/dev/languages/fsearch-rs/rust/target/debug/deps/serde_derive-f5f7ba6ad1759a13.serde_derive.e3636197bece9abc-cgu.06.rcgu.o:(serde_derive::de::Parameters::new::hf7475f890ffef803)\n\nld.lld: error: undefined hidden symbol: _$LT$syn..punctuated..Iter$LT$T$GT$$u20$as$u20$core..iter..traits..iterator..Iterator$GT$::next::hccfe0af1998fc51d\n>>> referenced by serde_derive.e3636197bece9abc-cgu.04\n>>>               /home/kombatant/unraid/cloud/googledrive/dev/languages/fsearch-rs/rust/target/debug/deps/serde_derive-f5f7ba6ad1759a13.serde_derive.e3636197bece9abc-cgu.04.rcgu.o:(serde_derive::internals::attr::decide_tag::h094e5b13009bbc53)\n>>> referenced by serde_derive.e3636197bece9abc-cgu.15\n>>>               /home/kombatant/unraid/cloud/googledrive/dev/languages/fsearch-rs/rust/target/debug/deps/serde_derive-f5f7ba6ad1759a13.serde_derive.e3636197bece9abc-cgu.15.rcgu.o:(serde_derive::deprecated::should_allow_deprecated::he9737abf62088439)\n\nld.lld: error: undefined hidden symbol: _$LT$I$u20$as$u20$core..iter..traits..collect..IntoIterator$GT$::into_iter::h3210968637e7999d\n>>> referenced by serde_derive.e3636197bece9abc-cgu.05\n>>>               /home/kombatant/unraid/cloud/googledrive/dev/languages/fsearch-rs/rust/target/debug/deps/serde_derive-f5f7ba6ad1759a13.serde_derive.e3636197bece9abc-cgu.05.rcgu.o:(_$LT$alloc..collections..btree..set..BTreeSet$LT$T$C$A$GT$$u20$as$u20$core..iter..traits..collect..Extend$LT$T$GT$$GT$::extend::h3a071905a2b93b5a)\n\nld.lld: error: undefined hidden symbol: core::iter::traits::iterator::Iterator::for_each::h7abbfa690f2a831d\n>>> referenced by serde_derive.e3636197bece9abc-cgu.05\n>>>               /home/kombatant/unraid/cloud/googledrive/dev/languages/fsearch-rs/rust/target/debug/deps/serde_derive-f5f7ba6ad1759a13.serde_derive.e3636197bece9abc-cgu.05.rcgu.o:(_$LT$alloc..collections..btree..set..BTreeSet$LT$T$C$A$GT$$u20$as$u20$core..iter..traits..collect..Extend$LT$T$GT$$GT$::extend::h3a071905a2b93b5a)\n\nld.lld: error: undefined hidden symbol: core::str::_$LT$impl$u20$str$GT$::is_empty::h3f2a8d1a65649919\n>>> referenced by serde_derive.e3636197bece9abc-cgu.04\n>>>               /home/kombatant/unraid/cloud/googledrive/dev/languages/fsearch-rs/rust/target/debug/deps/serde_derive-f5f7ba6ad1759a13.serde_derive.e3636197bece9abc-cgu.04.rcgu.o:(serde_derive::internals::attr::get_lit_str2::hb962b572c1952c38)\n>>> referenced by serde_derive.e3636197bece9abc-cgu.14\n>>>               /home/kombatant/unraid/cloud/googledrive/dev/languages/fsearch-rs/rust/target/debug/deps/serde_derive-f5f7ba6ad1759a13.serde_derive.e3636197bece9abc-cgu.14.rcgu.o:(syn::lit::LitStr::parse_with::h127942ab9825d5a9)\n>>> referenced by serde_derive.e3636197bece9abc-cgu.14\n>>>               /home/kombatant/unraid/cloud/googledrive/dev/languages/fsearch-rs/rust/target/debug/deps/serde_derive-f5f7ba6ad1759a13.serde_derive.e3636197bece9abc-cgu.14.rcgu.o:(syn::lit::LitStr::parse_with::h166c98f6a6d4dea0)\n>>> referenced 2 more times\n\nld.lld: error: undefined hidden symbol: _$LT$core..iter..adapters..map..Map$LT$I$C$F$GT$$u20$as$u20$core..iter..traits..iterator..Iterator$GT$::size_hint::he1ffe38e5ecbc0dd\n>>> referenced by serde_derive.e3636197bece9abc-cgu.10\n>>>               /home/kombatant/unraid/cloud/googledrive/dev/languages/fsearch-rs/rust/target/debug/deps/serde_derive-f5f7ba6ad1759a13.serde_derive.e3636197bece9abc-cgu.10.rcgu.o:(_$LT$core..iter..adapters..flatten..FlattenCompat$LT$I$C$U$GT$$u20$as$u20$core..iter..traits..iterator..Iterator$GT$::size_hint::h40752e95e52560c3)\n>>> referenced by serde_derive.e3636197bece9abc-cgu.10\n>>>               /home/kombatant/unraid/cloud/googledrive/dev/languages/fsearch-rs/rust/target/debug/deps/serde_derive-f5f7ba6ad1759a13.serde_derive.e3636197bece9abc-cgu.10.rcgu.o:(_$LT$core..iter..adapters..flatten..FlattenCompat$LT$I$C$U$GT$$u20$as$u20$core..iter..traits..iterator..Iterator$GT$::size_hint::h40752e95e52560c3)\n\nld.lld: error: undefined hidden symbol: _$LT$core..iter..adapters..filter..Filter$LT$I$C$P$GT$$u20$as$u20$core..iter..traits..iterator..Iterator$GT$::count::h2c50987e7aff5169\n>>> referenced by serde_derive.e3636197bece9abc-cgu.06\n>>>               /home/kombatant/unraid/cloud/googledrive/dev/languages/fsearch-rs/rust/target/debug/deps/serde_derive-f5f7ba6ad1759a13.serde_derive.e3636197bece9abc-cgu.06.rcgu.o:(serde_derive::de::deserialize_seq::hf5f51a6b109de642)\n\nld.lld: error: undefined hidden symbol: core::iter::traits::iterator::Iterator::collect::h7e35efe4f82a23c5\n>>> referenced by serde_derive.e3636197bece9abc-cgu.02\n>>>               /home/kombatant/unraid/cloud/googledrive/dev/languages/fsearch-rs/rust/target/debug/deps/serde_derive-f5f7ba6ad1759a13.serde_derive.e3636197bece9abc-cgu.02.rcgu.o:(serde_derive::ser::serialize_enum::h1010d175d4c31866)\n\nld.lld: error: undefined hidden symbol: _$LT$core..iter..adapters..map..Map$LT$I$C$F$GT$$u20$as$u20$core..clone..Clone$GT$::clone::h9b9148f0a1086a4c\n>>> referenced by serde_derive.e3636197bece9abc-cgu.06\n>>>               /home/kombatant/unraid/cloud/googledrive/dev/languages/fsearch-rs/rust/target/debug/deps/serde_derive-f5f7ba6ad1759a13.serde_derive.e3636197bece9abc-cgu.06.rcgu.o:(serde_derive::de::deserialize_seq::hf5f51a6b109de642)\n\nld.lld: error: undefined hidden symbol: core::iter::traits::iterator::Iterator::zip::h5508095493807ba9\n>>> referenced by serde_derive.e3636197bece9abc-cgu.06\n>>>               /home/kombatant/unraid/cloud/googledrive/dev/languages/fsearch-rs/rust/target/debug/deps/serde_derive-f5f7ba6ad1759a13.serde_derive.e3636197bece9abc-cgu.06.rcgu.o:(serde_derive::de::deserialize_seq::hf5f51a6b109de642)\n\nld.lld: error: undefined hidden symbol: quote::__private::ext::RepIteratorExt::quote_into_iter::hdd36061447b54196\n>>> referenced by serde_derive.e3636197bece9abc-cgu.06\n>>>               /home/kombatant/unraid/cloud/googledrive/dev/languages/fsearch-rs/rust/target/debug/deps/serde_derive-f5f7ba6ad1759a13.serde_derive.e3636197bece9abc-cgu.06.rcgu.o:(serde_derive::de::deserialize_seq::hf5f51a6b109de642)\n>>> referenced by serde_derive.e3636197bece9abc-cgu.06\n>>>               /home/kombatant/unraid/cloud/googledrive/dev/languages/fsearch-rs/rust/target/debug/deps/serde_derive-f5f7ba6ad1759a13.serde_derive.e3636197bece9abc-cgu.06.rcgu.o:(serde_derive::de::deserialize_seq::hf5f51a6b109de642)\n\nld.lld: error: undefined hidden symbol: _$LT$core..iter..adapters..map..Map$LT$I$C$F$GT$$u20$as$u20$core..iter..traits..iterator..Iterator$GT$::next::hed301be2a15c34ee\n>>> referenced by serde_derive.e3636197bece9abc-cgu.06\n>>>               /home/kombatant/unraid/cloud/googledrive/dev/languages/fsearch-rs/rust/target/debug/deps/serde_derive-f5f7ba6ad1759a13.serde_derive.e3636197bece9abc-cgu.06.rcgu.o:(serde_derive::de::deserialize_seq::hf5f51a6b109de642)\n>>> referenced by serde_derive.e3636197bece9abc-cgu.06\n>>>               /home/kombatant/unraid/cloud/googledrive/dev/languages/fsearch-rs/rust/target/debug/deps/serde_derive-f5f7ba6ad1759a13.serde_derive.e3636197bece9abc-cgu.06.rcgu.o:(serde_derive::de::deserialize_seq::hf5f51a6b109de642)\n\nld.lld: error: undefined hidden symbol: _$LT$syn..punctuated..Punctuated$LT$T$C$P$GT$$u20$as$u20$core..iter..traits..collect..IntoIterator$GT$::into_iter::h8352322f08a46dd2\n>>> referenced by serde_derive.e3636197bece9abc-cgu.10\n>>>               /home/kombatant/unraid/cloud/googledrive/dev/languages/fsearch-rs/rust/target/debug/deps/serde_derive-f5f7ba6ad1759a13.serde_derive.e3636197bece9abc-cgu.10.rcgu.o:(core::iter::traits::iterator::Iterator::chain::h4015cbbbafc232dc)\n\nld.lld: error: too many errors emitted, stopping now (use --error-limit=0 to see all errors)\ncollect2: error: ld returned 1 exit status\n","code":null,"level":"note","spans":[],"children":[],"rendered":null}],"rendered":"\u001b[1m\u001b[91merror\u001b[0m\u001b[1m: linking with `cc` failed: exit status: 1\u001b[0m\n  \u001b[1m\u001b[94m|\u001b[0m\n  \u001b[1m\u001b[94m= \u001b[0m\u001b[1mnote\u001b[0m:  \"cc\" \"-Wl,--version-script=/tmp/rustcobUtSO/list\" \"-Wl,--no-undefined-version\" \"-m64\" \"/tmp/rustcobUtSO/symbols.o\" \"<16 object files omitted>\" \"/tmp/rustcobUtSO/rmeta.o\" \"<1 object files omitted>\" \"-Wl,--as-needed\" \"-Wl,-Bstatic\" \"/home/kombatant/unraid/cloud/googledrive/dev/languages/fsearch-rs/rust/target/debug/deps/{libsyn-922a55bd56caa80e,libquote-00e8d5c5fa010ce1,libproc_macro2-ec4c6ed236537ba1,libunicode_ident-b9c538de71152b76}.rlib\" \"<sysroot>/lib/rustlib/x86_64-unknown-linux-gnu/lib/{libproc_macro-*,librustc_literal_escaper-*,librustc_std_workspace_std-*,libstd-*,libpanic_unwind-*,libobject-*,libmemchr-*,libaddr2line-*,libgimli-*,libcfg_if-*,librustc_demangle-*,libstd_detect-*,libhashbrown-*,librustc_std_workspace_alloc-*,libminiz_oxide-*,libadler2-*,libunwind-*,liblibc-*,librustc_std_workspace_core-*,liballoc-*,libcore-*,libcompiler_builtins-*}.rlib\" \"-Wl,-Bdynamic\" \"-lgcc_s\" \"-lutil\" \"-lrt\" \"-lpthread\" \"-lm\" \"-ldl\" \"-lc\" \"-L\" \"/tmp/rustcobUtSO/raw-dylibs\" \"-fuse-ld=lld\" \"-Wl,--eh-frame-hdr\" \"-Wl,-z,noexecstack\" \"-L\" \"<sysroot>/lib/rustlib/x86_64-unknown-linux-gnu/lib\" \"-o\" \"/home/kombatant/unraid/cloud/googledrive/dev/languages/fsearch-rs/rust/target/debug/deps/libserde_derive-f5f7ba6ad1759a13.so\" \"-Wl,--gc-sections\" \"-shared\" \"-Wl,-z,relro,-z,now\" \"-nodefaultlibs\"\n  \u001b[1m\u001b[94m= \u001b[0m\u001b[1mnote\u001b[0m: some arguments are omitted. use `--verbose` to show all linker arguments\n  \u001b[1m\u001b[94m= \u001b[0m\u001b[1mnote\u001b[0m: ld.lld: error: undefined hidden symbol: _$LT$alloc..collections..btree..map..Iter$LT$K$C$V$GT$$u20$as$u20$core..iter..traits..iterator..Iterator$GT$::next::h0633f847a819dde0\n          >>> referenced by serde_derive.e3636197bece9abc-cgu.05\n          >>>               /home/kombatant/unraid/cloud/googledrive/dev/languages/fsearch-rs/rust/target/debug/deps/serde_derive-f5f7ba6ad1759a13.serde_derive.e3636197bece9abc-cgu.05.rcgu.o:(_$LT$alloc..collections..btree..set..Iter$LT$T$GT$$u20$as$u20$core..iter..traits..iterator..Iterator$GT$::next::h4f26094eb1c5c192)\n          \n          ld.lld: error: undefined hidden symbol: core::num::_$LT$impl$u20$isize$GT$::unchecked_neg::precondition_check::hc5b7bcb40fc3b3dd\n          >>> referenced by serde_derive.e3636197bece9abc-cgu.01\n          >>>               /home/kombatant/unraid/cloud/googledrive/dev/languages/fsearch-rs/rust/target/debug/deps/serde_derive-f5f7ba6ad1759a13.serde_derive.e3636197bece9abc-cgu.01.rcgu.o:(_$LT$core..slice..iter..Iter$LT$T$GT$$u20$as$u20$core..iter..traits..double_ended..DoubleEndedIterator$GT$::next_back::h2ac8e646f071345c)\n          \n          ld.lld: error: undefined hidden symbol: _$LT$alloc..collections..btree..map..Iter$LT$K$C$V$GT$$u20$as$u20$core..iter..traits..iterator..Iterator$GT$::next::h53141737c816f682\n          >>> referenced by serde_derive.e3636197bece9abc-cgu.05\n          >>>               /home/kombatant/unraid/cloud/googledrive/dev/languages/fsearch-rs/rust/target/debug/deps/serde_derive-f5f7ba6ad1759a13.serde_derive.e3636197bece9abc-cgu.05.rcgu.o:(_$LT$alloc..collections..btree..set..Iter$LT$T$GT$$u20$as$u20$core..iter..traits..iterator..Iterator$GT$::next::h75e2f1949b772b91)\n          \n          ld.lld: error: undefined hidden symbol: _$LT$syn..punctuated..IntoIter$LT$T$GT$$u20$as$u20$core..iter..traits..iterator..Iterator$GT$::next::h0aff327eb53dc365\n          >>> referenced by serde_derive.e3636197bece9abc-cgu.03\n          >>>               /home/kombatant/unraid/cloud/googledrive/dev/languages/fsearch-rs/rust/target/debug/deps/serde_derive-f5f7ba6ad1759a13.serde_derive.e3636197bece9abc-cgu.03.rcgu.o:(_$LT$alloc..vec..Vec$LT$T$GT$$u20$as$u20$alloc..vec..spec_from_iter_nested..SpecFromIterNested$LT$T$C$I$GT$$GT$::from_iter::hac38ef2ad260333b)\n          >>> referenced by serde_derive.e3636197bece9abc-cgu.03\n          >>>               /home/kombatant/unraid/cloud/googledrive/dev/languages/fsearch-rs/rust/target/debug/deps/serde_derive-f5f7ba6ad1759a13.serde_derive.e3636197bece9abc-cgu.03.rcgu.o:(alloc::vec::Vec$LT$T$C$A$GT$::extend_desugared::h3d3376f0f801066c)\n          \n          ld.lld: error: undefined hidden symbol: _$LT$syn..punctuated..IntoIter$LT$T$GT$$u20$as$u20$core..iter..traits..iterator..Iterator$GT$::size_hint::h56e85eeae1d846a6\n          >>> referenced by serde_derive.e3636197bece9abc-cgu.03\n          >>>               /home/kombatant/unraid/cloud/googledrive/dev/languages/fsearch-rs/rust/target/debug/deps/serde_derive-f5f7ba6ad1759a13.serde_derive.e3636197bece9abc-cgu.03.rcgu.o:(_$LT$alloc..vec..Vec$LT$T$GT$$u20$as$u20$alloc..vec..spec_from_iter_nested..SpecFromIterNested$LT$T$C$I$GT$$GT$::from_iter::hac38ef2ad260333b)\n          >>> referenced by serde_derive.e3636197bece9abc-cgu.03\n          >>>               /home/kombatant/unraid/cloud/googledrive/dev/languages/fsearch-rs/rust/target/debug/deps/serde_derive-f5f7ba6ad1759a13.serde_derive.e3636197bece9abc-cgu.03.rcgu.o:(alloc::vec::Vec$LT$T$C$A$GT$::extend_desugared::h3d3376f0f801066c)\n          \n          ld.lld: error: undefined hidden symbol: _$LT$$RF$syn..punctuated..Punctuated$LT$T$C$P$GT$$u20$as$u20$core..iter..traits..collect..IntoIterator$GT$::into_iter::h3d30f0490c6b1505\n          >>> referenced by serde_derive.e3636197bece9abc-cgu.04\n          >>>               /home/kombatant/unraid/cloud/googledrive/dev/languages/fsearch-rs/rust/target/debug/deps/serde_derive-f5f7ba6ad1759a13.serde_derive.e3636197bece9abc-cgu.04.rcgu.o:(serde_derive::internals::attr::decide_tag::h094e5b13009bbc53)\n          >>> referenced by serde_derive.e3636197bece9abc-cgu.15\n          >>>               /home/kombatant/unraid/cloud/googledrive/dev/languages/fsearch-rs/rust/target/debug/deps/serde_derive-f5f7ba6ad1759a13.serde_derive.e3636197bece9abc-cgu.15.rcgu.o:(serde_derive::deprecated::should_allow_deprecated::he9737abf62088439)\n          \n          ld.lld: error: undefined hidden symbol: serde_derive::this::this_type::hdc325d98a0233b0b\n          >>> referenced by serde_derive.e3636197bece9abc-cgu.02\n          >>>               /home/kombatant/unraid/cloud/googledrive/dev/languages/fsearch-rs/rust/target/debug/deps/serde_derive-f5f7ba6ad1759a13.serde_derive.e3636197bece9abc-cgu.02.rcgu.o:(serde_derive::ser::Parameters::new::h8d0860adcbafed1a)\n          >>> referenced by serde_derive.e3636197bece9abc-cgu.06\n          >>>               /home/kombatant/unraid/cloud/googledrive/dev/languages/fsearch-rs/rust/target/debug/deps/serde_derive-f5f7ba6ad1759a13.serde_derive.e3636197bece9abc-cgu.06.rcgu.o:(serde_derive::de::Parameters::new::hf7475f890ffef803)\n          \n          ld.lld: error: undefined hidden symbol: serde_derive::this::this_value::h13822b2de24136bc\n          >>> referenced by serde_derive.e3636197bece9abc-cgu.02\n          >>>               /home/kombatant/unraid/cloud/googledrive/dev/languages/fsearch-rs/rust/target/debug/deps/serde_derive-f5f7ba6ad1759a13.serde_derive.e3636197bece9abc-cgu.02.rcgu.o:(serde_derive::ser::Parameters::new::h8d0860adcbafed1a)\n          >>> referenced by serde_derive.e3636197bece9abc-cgu.06\n          >>>               /home/kombatant/unraid/cloud/googledrive/dev/languages/fsearch-rs/rust/target/debug/deps/serde_derive-f5f7ba6ad1759a13.serde_derive.e3636197bece9abc-cgu.06.rcgu.o:(serde_derive::de::Parameters::new::hf7475f890ffef803)\n          \n          ld.lld: error: undefined hidden symbol: _$LT$syn..punctuated..Iter$LT$T$GT$$u20$as$u20$core..iter..traits..iterator..Iterator$GT$::next::hccfe0af1998fc51d\n          >>> referenced by serde_derive.e3636197bece9abc-cgu.04\n          >>>               /home/kombatant/unraid/cloud/googledrive/dev/languages/fsearch-rs/rust/target/debug/deps/serde_derive-f5f7ba6ad1759a13.serde_derive.e3636197bece9abc-cgu.04.rcgu.o:(serde_derive::internals::attr::decide_tag::h094e5b13009bbc53)\n          >>> referenced by serde_derive.e3636197bece9abc-cgu.15\n          >>>               /home/kombatant/unraid/cloud/googledrive/dev/languages/fsearch-rs/rust/target/debug/deps/serde_derive-f5f7ba6ad1759a13.serde_derive.e3636197bece9abc-cgu.15.rcgu.o:(serde_derive::deprecated::should_allow_deprecated::he9737abf62088439)\n          \n          ld.lld: error: undefined hidden symbol: _$LT$I$u20$as$u20$core..iter..traits..collect..IntoIterator$GT$::into_iter::h3210968637e7999d\n          >>> referenced by serde_derive.e3636197bece9abc-cgu.05\n          >>>               /home/kombatant/unraid/cloud/googledrive/dev/languages/fsearch-rs/rust/target/debug/deps/serde_derive-f5f7ba6ad1759a13.serde_derive.e3636197bece9abc-cgu.05.rcgu.o:(_$LT$alloc..collections..btree..set..BTreeSet$LT$T$C$A$GT$$u20$as$u20$core..iter..traits..collect..Extend$LT$T$GT$$GT$::extend::h3a071905a2b93b5a)\n          \n          ld.lld: error: undefined hidden symbol: core::iter::traits::iterator::Iterator::for_each::h7abbfa690f2a831d\n          >>> referenced by serde_derive.e3636197bece9abc-cgu.05\n          >>>               /home/kombatant/unraid/cloud/googledrive/dev/languages/fsearch-rs/rust/target/debug/deps/serde_derive-f5f7ba6ad1759a13.serde_derive.e3636197bece9abc-cgu.05.rcgu.o:(_$LT$alloc..collections..btree..set..BTreeSet$LT$T$C$A$GT$$u20$as$u20$core..iter..traits..collect..Extend$LT$T$GT$$GT$::extend::h3a071905a2b93b5a)\n          \n          ld.lld: error: undefined hidden symbol: core::str::_$LT$impl$u20$str$GT$::is_empty::h3f2a8d1a65649919\n          >>> referenced by serde_derive.e3636197bece9abc-cgu.04\n          >>>               /home/kombatant/unraid/cloud/googledrive/dev/languages/fsearch-rs/rust/target/debug/deps/serde_derive-f5f7ba6ad1759a13.serde_derive.e3636197bece9abc-cgu.04.rcgu.o:(serde_derive::internals::attr::get_lit_str2::hb962b572c1952c38)\n          >>> referenced by serde_derive.e3636197bece9abc-cgu.14\n          >>>               /home/kombatant/unraid/cloud/googledrive/dev/languages/fsearch-rs/rust/target/debug/deps/serde_derive-f5f7ba6ad1759a13.serde_derive.e3636197bece9abc-cgu.14.rcgu.o:(syn::lit::LitStr::parse_with::h127942ab9825d5a9)\n          >>> referenced by serde_derive.e3636197bece9abc-cgu.14\n          >>>               /home/kombatant/unraid/cloud/googledrive/dev/languages/fsearch-rs/rust/target/debug/deps/serde_derive-f5f7ba6ad1759a13.serde_derive.e3636197bece9abc-cgu.14.rcgu.o:(syn::lit::LitStr::parse_with::h166c98f6a6d4dea0)\n          >>> referenced 2 more times\n          \n          ld.lld: error: undefined hidden symbol: _$LT$core..iter..adapters..map..Map$LT$I$C$F$GT$$u20$as$u20$core..iter..traits..iterator..Iterator$GT$::size_hint::he1ffe38e5ecbc0dd\n          >>> referenced by serde_derive.e3636197bece9abc-cgu.10\n          >>>               /home/kombatant/unraid/cloud/googledrive/dev/languages/fsearch-rs/rust/target/debug/deps/serde_derive-f5f7ba6ad1759a13.serde_derive.e3636197bece9abc-cgu.10.rcgu.o:(_$LT$core..iter..adapters..flatten..FlattenCompat$LT$I$C$U$GT$$u20$as$u20$core..iter..traits..iterator..Iterator$GT$::size_hint::h40752e95e52560c3)\n          >>> referenced by serde_derive.e3636197bece9abc-cgu.10\n          >>>               /home/kombatant/unraid/cloud/googledrive/dev/languages/fsearch-rs/rust/target/debug/deps/serde_derive-f5f7ba6ad1759a13.serde_derive.e3636197bece9abc-cgu.10.rcgu.o:(_$LT$core..iter..adapters..flatten..FlattenCompat$LT$I$C$U$GT$$u20$as$u20$core..iter..traits..iterator..Iterator$GT$::size_hint::h40752e95e52560c3)\n          \n          ld.lld: error: undefined hidden symbol: _$LT$core..iter..adapters..filter..Filter$LT$I$C$P$GT$$u20$as$u20$core..iter..traits..iterator..Iterator$GT$::count::h2c50987e7aff5169\n          >>> referenced by serde_derive.e3636197bece9abc-cgu.06\n          >>>               /home/kombatant/unraid/cloud/googledrive/dev/languages/fsearch-rs/rust/target/debug/deps/serde_derive-f5f7ba6ad1759a13.serde_derive.e3636197bece9abc-cgu.06.rcgu.o:(serde_derive::de::deserialize_seq::hf5f51a6b109de642)\n          \n          ld.lld: error: undefined hidden symbol: core::iter::traits::iterator::Iterator::collect::h7e35efe4f82a23c5\n          >>> referenced by serde_derive.e3636197bece9abc-cgu.02\n          >>>               /home/kombatant/unraid/cloud/googledrive/dev/languages/fsearch-rs/rust/target/debug/deps/serde_derive-f5f7ba6ad1759a13.serde_derive.e3636197bece9abc-cgu.02.rcgu.o:(serde_derive::ser::serialize_enum::h1010d175d4c31866)\n          \n          ld.lld: error: undefined hidden symbol: _$LT$core..iter..adapters..map..Map$LT$I$C$F$GT$$u20$as$u20$core..clone..Clone$GT$::clone::h9b9148f0a1086a4c\n          >>> referenced by serde_derive.e3636197bece9abc-cgu.06\n          >>>               /home/kombatant/unraid/cloud/googledrive/dev/languages/fsearch-rs/rust/target/debug/deps/serde_derive-f5f7ba6ad1759a13.serde_derive.e3636197bece9abc-cgu.06.rcgu.o:(serde_derive::de::deserialize_seq::hf5f51a6b109de642)\n          \n          ld.lld: error: undefined hidden symbol: core::iter::traits::iterator::Iterator::zip::h5508095493807ba9\n          >>> referenced by serde_derive.e3636197bece9abc-cgu.06\n          >>>               /home/kombatant/unraid/cloud/googledrive/dev/languages/fsearch-rs/rust/target/debug/deps/serde_derive-f5f7ba6ad1759a13.serde_derive.e3636197bece9abc-cgu.06.rcgu.o:(serde_derive::de::deserialize_seq::hf5f51a6b109de642)\n          \n          ld.lld: error: undefined hidden symbol: quote::__private::ext::RepIteratorExt::quote_into_iter::hdd36061447b54196\n          >>> referenced by serde_derive.e3636197bece9abc-cgu.06\n          >>>               /home/kombatant/unraid/cloud/googledrive/dev/languages/fsearch-rs/rust/target/debug/deps/serde_derive-f5f7ba6ad1759a13.serde_derive.e3636197bece9abc-cgu.06.rcgu.o:(serde_derive::de::deserialize_seq::hf5f51a6b109de642)\n          >>> referenced by serde_derive.e3636197bece9abc-cgu.06\n          >>>               /home/kombatant/unraid/cloud/googledrive/dev/languages/fsearch-rs/rust/target/debug/deps/serde_derive-f5f7ba6ad1759a13.serde_derive.e3636197bece9abc-cgu.06.rcgu.o:(serde_derive::de::deserialize_seq::hf5f51a6b109de642)\n          \n          ld.lld: error: undefined hidden symbol: _$LT$core..iter..adapters..map..Map$LT$I$C$F$GT$$u20$as$u20$core..iter..traits..iterator..Iterator$GT$::next::hed301be2a15c34ee\n          >>> referenced by serde_derive.e3636197bece9abc-cgu.06\n          >>>               /home/kombatant/unraid/cloud/googledrive/dev/languages/fsearch-rs/rust/target/debug/deps/serde_derive-f5f7ba6ad1759a13.serde_derive.e3636197bece9abc-cgu.06.rcgu.o:(serde_derive::de::deserialize_seq::hf5f51a6b109de642)\n          >>> referenced by serde_derive.e3636197bece9abc-cgu.06\n          >>>               /home/kombatant/unraid/cloud/googledrive/dev/languages/fsearch-rs/rust/target/debug/deps/serde_derive-f5f7ba6ad1759a13.serde_derive.e3636197bece9abc-cgu.06.rcgu.o:(serde_derive::de::deserialize_seq::hf5f51a6b109de642)\n          \n          ld.lld: error: undefined hidden symbol: _$LT$syn..punctuated..Punctuated$LT$T$C$P$GT$$u20$as$u20$core..iter..traits..collect..IntoIterator$GT$::into_iter::h8352322f08a46dd2\n          >>> referenced by serde_derive.e3636197bece9abc-cgu.10\n          >>>               /home/kombatant/unraid/cloud/googledrive/dev/languages/fsearch-rs/rust/target/debug/deps/serde_derive-f5f7ba6ad1759a13.serde_derive.e3636197bece9abc-cgu.10.rcgu.o:(core::iter::traits::iterator::Iterator::chain::h4015cbbbafc232dc)\n          \n          ld.lld: error: too many errors emitted, stopping now (use --error-limit=0 to see all errors)\n          collect2: error: ld returned 1 exit status\n          \n\n"}
{"$message_type":"diagnostic","message":"aborting due to 1 previous error","code":null,"level":"error","spans":[],"children":[],"rendered":"\u001b[1m\u001b[91merror\u001b[0m\u001b[1m: aborting due to 1 previous error\u001b[0m\n\n"}
